warning: Git tree '/home/cairo/.nixos' is dirty
building the system configuration...
warning: Git tree '/home/cairo/.nixos' is dirty
copying path '/nix/store/bhiwv7346m46p0xir6wk8xiz9k5gvj76-source' from 'https://cache.nixos.org'...
copying path '/nix/store/9rc9abg9f664bjfhzfp4cb8mrwh7b5y4-source' from 'https://cache.nixos.org'...
copying path '/nix/store/ha4k8484shkbqdgjprnn4hf4pm73rwqi-source' from 'https://cache.nixos.org'...
copying path '/nix/store/70hblgpc453849i7nqw0p23hj7j704y5-source' from 'https://cache.nixos.org'...
copying path '/nix/store/84s2xiayy1m10l0rxbl31zmz83v034nn-source' from 'https://cache.nixos.org'...
copying path '/nix/store/sqsjibva3q2i5jd6d8q01y5vnv5bkza1-source' from 'https://cache.nixos.org'...
these 21 derivations will be built:
  /nix/store/1zaw5c2zzpa97cfwi2vgjssa4r4jvpx8-builder.pl.drv
  /nix/store/2zay9srl10869p1d7haz106b7p2n8v3l-unit-pipewire.service-disabled.drv
  /nix/store/3rjcafhsydxakblwad2qanwpz6lvby7r-perl-5.40.0-env.drv
  /nix/store/3s7zwll6lsszxs9bsbpfhhxcmlz6s8n2-config.yml.drv
  /nix/store/85fdyizsqkscbkasjh559hfx6h09awsd-unit-pipewire.socket-disabled.drv
  /nix/store/ay7jqrbsikaqn5wqvynr89qnvwbfpd5s-unit-wireplumber.service-disabled.drv
  /nix/store/hhn1rpv872rdwwlbak2jp4vibs6g85f9-unit-pipewire-pulse.service-disabled.drv
  /nix/store/sh7gsyxfif42jd7f9gqplmyn2nm9fqb5-user-dbus-services.drv
  /nix/store/srk9wpdja9igc3nrcfgpjw8l9b14zn7z-xremap.service.drv
  /nix/store/ac6r42lqpwxs5w9sif5hrlgp8dfgi1dw-home-manager-files.drv
  /nix/store/xqsgcibr3c6qnnmxa44n0hbz5yw0cw6j-activation-script.drv
  /nix/store/rikijqzfay53w0y85hnlwi9bqyxks0hv-home-manager-generation.drv
  /nix/store/nixwdwqq7kdbhg30y1752wfl5fqyi2w8-unit-home-manager-cairo.service.drv
  /nix/store/sqhxpjqgz6n5hyf521p1xny9winw2qsj-unit-console-getty.service-disabled.drv
  /nix/store/y3zfpdjhkcfb4sa48pnsnzfbhm5q0kib-unit-pipewire-pulse.socket-disabled.drv
  /nix/store/czc158nrm7blgjifc4cg6ibmpvc7ii5k-system-units.drv
  /nix/store/6gwybbq4i8x2c2h7psmy7nk7pr4vsx7j-etc.drv
  /nix/store/canfkzq03cbxahfd0acyxq8b4pgac57h-ensure-all-wrappers-paths-exist.drv
  /nix/store/jcg3vj9d4dsinh6j4r8nz38vkalx6np7-boot.json.drv
  /nix/store/ma0yysig5n8bamsc8rh32pa7yaw5kniw-stage-2-init.sh.drv
  /nix/store/rvjgh3pianidqxp1aisw759jamwh6xmg-nixos-system-LittleNix-25.05.20250513.adaa24f.drv
these 24 paths will be fetched (3.94 MiB download, 32.32 MiB unpacked):
  /nix/store/g4ijhvr8gsjg4445ngd4hpvr6h80whfv-die-hook
  /nix/store/hb9v0qx9vk0420z5grlnv2y5wcf6dp6i-file-5.46
  /nix/store/dhiwbm7kzlc01yk99900g8lj2g7faxyn-gnu-config-2024-01-01
  /nix/store/3gd3bh9ix9fh4vwrk28pjfxji21vm2gl-lndir-1.0.5
  /nix/store/bdvr9v87g343zs1zkx9bd27mrfr4v9s5-make-binary-wrapper-hook
  /nix/store/rk0w95vj9364nfklxzszvzjkl72aa6g3-make-shell-wrapper-hook
  /nix/store/5yl5rscbbqh9b3r9ixi6cnzfaydq9n9r-patchelf-0.15.0
  /nix/store/y1kx81jrapy58j8l6rfficlnfzjfvvzj-python3.12-cbor2-5.6.5
  /nix/store/fv3wjm1zr4x7ly9nh290lfzqf0m21j5q-python3.12-colorama-0.4.6
  /nix/store/jyr15zjfgcrszcnxz0mwcqgwfmh9c9ir-python3.12-markdown-it-py-3.0.0
  /nix/store/n3jbg15vn4lsnrpz8drcir4gb1swzk3d-python3.12-mdurl-0.1.2
  /nix/store/xg4xv97rg0252wrmaznrq5s56ha4fipp-python3.12-pygments-2.19.1
  /nix/store/3lna7qm3i7cz5ypblixxsfznm6cqdh8j-python3.12-python-dateutil-2.9.0.post0
  /nix/store/rjscl1ashhjs346dwmv0i8wfm0lmf360-python3.12-pyyaml-6.0.2
  /nix/store/a7712s5jlvr5as116ak4a0ih16pr0r18-python3.12-rich-14.0.0
  /nix/store/nwnv7kzcq2403qx3w8vmiwxfyzm4hc3k-python3.12-rich-argparse-1.7.0
  /nix/store/w5xnzrlwsac5sgm051rl277i7g8myvys-python3.12-ruamel-base-1.0.0
  /nix/store/yvjwaf7in499g2h6vb7h4133xc6wdx56-python3.12-ruamel-yaml-0.18.10
  /nix/store/lqkmj95nl14ni76njf5mr6rsrk45mj7k-python3.12-ruamel-yaml-clib-0.2.12
  /nix/store/3h3wa2z38chg6p4z1aw12pnn120aci63-python3.12-tomlkit-0.12.5
  /nix/store/djwbspacwcr30v8iqwim6np41sg0fqjh-python3.12-u-msgpack-python-2.8.0
  /nix/store/6whlfll37jc2bvxi7xj4jzr1zzwlq35k-remarshal-0.17.1
  /nix/store/lgydi1gl5wqcw6k4gyjbaxx7b40zxrsp-stdenv-linux
  /nix/store/d41c6ccm4yaq2czglxs10lzkynrmd399-update-autotools-gnu-config-scripts-hook
copying path '/nix/store/g4ijhvr8gsjg4445ngd4hpvr6h80whfv-die-hook' from 'https://cache.nixos.org'...
copying path '/nix/store/dhiwbm7kzlc01yk99900g8lj2g7faxyn-gnu-config-2024-01-01' from 'https://cache.nixos.org'...
copying path '/nix/store/hb9v0qx9vk0420z5grlnv2y5wcf6dp6i-file-5.46' from 'https://cache.nixos.org'...
copying path '/nix/store/5yl5rscbbqh9b3r9ixi6cnzfaydq9n9r-patchelf-0.15.0' from 'https://cache.nixos.org'...
copying path '/nix/store/3gd3bh9ix9fh4vwrk28pjfxji21vm2gl-lndir-1.0.5' from 'https://cache.nixos.org'...
copying path '/nix/store/y1kx81jrapy58j8l6rfficlnfzjfvvzj-python3.12-cbor2-5.6.5' from 'https://cache.nixos.org'...
copying path '/nix/store/n3jbg15vn4lsnrpz8drcir4gb1swzk3d-python3.12-mdurl-0.1.2' from 'https://cache.nixos.org'...
copying path '/nix/store/xg4xv97rg0252wrmaznrq5s56ha4fipp-python3.12-pygments-2.19.1' from 'https://cache.nixos.org'...
copying path '/nix/store/fv3wjm1zr4x7ly9nh290lfzqf0m21j5q-python3.12-colorama-0.4.6' from 'https://cache.nixos.org'...
copying path '/nix/store/3lna7qm3i7cz5ypblixxsfznm6cqdh8j-python3.12-python-dateutil-2.9.0.post0' from 'https://cache.nixos.org'...
copying path '/nix/store/rjscl1ashhjs346dwmv0i8wfm0lmf360-python3.12-pyyaml-6.0.2' from 'https://cache.nixos.org'...
copying path '/nix/store/w5xnzrlwsac5sgm051rl277i7g8myvys-python3.12-ruamel-base-1.0.0' from 'https://cache.nixos.org'...
copying path '/nix/store/lqkmj95nl14ni76njf5mr6rsrk45mj7k-python3.12-ruamel-yaml-clib-0.2.12' from 'https://cache.nixos.org'...
copying path '/nix/store/3h3wa2z38chg6p4z1aw12pnn120aci63-python3.12-tomlkit-0.12.5' from 'https://cache.nixos.org'...
copying path '/nix/store/djwbspacwcr30v8iqwim6np41sg0fqjh-python3.12-u-msgpack-python-2.8.0' from 'https://cache.nixos.org'...
copying path '/nix/store/bdvr9v87g343zs1zkx9bd27mrfr4v9s5-make-binary-wrapper-hook' from 'https://cache.nixos.org'...
copying path '/nix/store/d41c6ccm4yaq2czglxs10lzkynrmd399-update-autotools-gnu-config-scripts-hook' from 'https://cache.nixos.org'...
copying path '/nix/store/rk0w95vj9364nfklxzszvzjkl72aa6g3-make-shell-wrapper-hook' from 'https://cache.nixos.org'...
copying path '/nix/store/yvjwaf7in499g2h6vb7h4133xc6wdx56-python3.12-ruamel-yaml-0.18.10' from 'https://cache.nixos.org'...
copying path '/nix/store/jyr15zjfgcrszcnxz0mwcqgwfmh9c9ir-python3.12-markdown-it-py-3.0.0' from 'https://cache.nixos.org'...
copying path '/nix/store/lgydi1gl5wqcw6k4gyjbaxx7b40zxrsp-stdenv-linux' from 'https://cache.nixos.org'...
building '/nix/store/xqsgcibr3c6qnnmxa44n0hbz5yw0cw6j-activation-script.drv'...
building '/nix/store/jcg3vj9d4dsinh6j4r8nz38vkalx6np7-boot.json.drv'...
building '/nix/store/1zaw5c2zzpa97cfwi2vgjssa4r4jvpx8-builder.pl.drv'...
building '/nix/store/canfkzq03cbxahfd0acyxq8b4pgac57h-ensure-all-wrappers-paths-exist.drv'...
building '/nix/store/ma0yysig5n8bamsc8rh32pa7yaw5kniw-stage-2-init.sh.drv'...
building '/nix/store/sqhxpjqgz6n5hyf521p1xny9winw2qsj-unit-console-getty.service-disabled.drv'...
building '/nix/store/hhn1rpv872rdwwlbak2jp4vibs6g85f9-unit-pipewire-pulse.service-disabled.drv'...
building '/nix/store/y3zfpdjhkcfb4sa48pnsnzfbhm5q0kib-unit-pipewire-pulse.socket-disabled.drv'...
copying path '/nix/store/a7712s5jlvr5as116ak4a0ih16pr0r18-python3.12-rich-14.0.0' from 'https://cache.nixos.org'...
building '/nix/store/2zay9srl10869p1d7haz106b7p2n8v3l-unit-pipewire.service-disabled.drv'...
building '/nix/store/85fdyizsqkscbkasjh559hfx6h09awsd-unit-pipewire.socket-disabled.drv'...
building '/nix/store/ay7jqrbsikaqn5wqvynr89qnvwbfpd5s-unit-wireplumber.service-disabled.drv'...
building '/nix/store/sh7gsyxfif42jd7f9gqplmyn2nm9fqb5-user-dbus-services.drv'...
copying path '/nix/store/nwnv7kzcq2403qx3w8vmiwxfyzm4hc3k-python3.12-rich-argparse-1.7.0' from 'https://cache.nixos.org'...
building '/nix/store/3rjcafhsydxakblwad2qanwpz6lvby7r-perl-5.40.0-env.drv'...
copying path '/nix/store/6whlfll37jc2bvxi7xj4jzr1zzwlq35k-remarshal-0.17.1' from 'https://cache.nixos.org'...
building '/nix/store/3s7zwll6lsszxs9bsbpfhhxcmlz6s8n2-config.yml.drv'...
building '/nix/store/srk9wpdja9igc3nrcfgpjw8l9b14zn7z-xremap.service.drv'...
building '/nix/store/ac6r42lqpwxs5w9sif5hrlgp8dfgi1dw-home-manager-files.drv'...
building '/nix/store/rikijqzfay53w0y85hnlwi9bqyxks0hv-home-manager-generation.drv'...
building '/nix/store/nixwdwqq7kdbhg30y1752wfl5fqyi2w8-unit-home-manager-cairo.service.drv'...
building '/nix/store/czc158nrm7blgjifc4cg6ibmpvc7ii5k-system-units.drv'...
building '/nix/store/6gwybbq4i8x2c2h7psmy7nk7pr4vsx7j-etc.drv'...
building '/nix/store/rvjgh3pianidqxp1aisw759jamwh6xmg-nixos-system-LittleNix-25.05.20250513.adaa24f.drv'...
activating the configuration...
setting up /etc...
reloading user units for cairo...
restarting sysinit-reactivation.target
the following new units were started: NetworkManager-dispatcher.service, sysinit-reactivation.target, systemd-tmpfiles-resetup.service
